2022.06.04 22:14:15 INFO  ce[][o.s.p.ProcessEntryPoint] Starting Compute Engine
2022.06.04 22:14:15 INFO  ce[][o.s.ce.app.CeServer] Compute Engine starting up...
2022.06.04 22:14:16 INFO  ce[][o.sonar.db.Database] Create JDBC data source for jdbc:h2:tcp://127.0.0.1:9092/sonar;NON_KEYWORDS=VALUE
2022.06.04 22:14:16 WARN  ce[][o.s.db.dialect.H2] H2 database should be used for evaluation purpose only.
2022.06.04 22:14:17 INFO  ce[][o.s.s.p.ServerFileSystemImpl] SonarQube home: D:\repos\Software-Testing\sonarqube-9.4.0.54424
2022.06.04 22:14:18 INFO  ce[][o.s.c.c.CePluginRepository] Load plugins
2022.06.04 22:14:21 INFO  ce[][o.s.c.c.ComputeEngineContainerImpl] Running Community edition
2022.06.04 22:14:21 INFO  ce[][o.s.ce.app.CeServer] Compute Engine is started
2022.06.04 22:24:28 INFO  ce[][o.s.p.ProcessEntryPoint] Gracefully stopping process
2022.06.04 22:24:28 INFO  ce[][o.s.ce.app.CeServer] Compute Engine is stopping...
2022.06.04 22:24:28 INFO  ce[][o.s.c.t.CeProcessingSchedulerImpl] Gracefully stopping workers...
2022.06.04 22:24:28 INFO  ce[][o.s.ce.app.CeServer] Compute Engine is stopped
2022.06.04 22:28:03 INFO  ce[][o.s.p.ProcessEntryPoint] Starting Compute Engine
2022.06.04 22:28:03 INFO  ce[][o.s.ce.app.CeServer] Compute Engine starting up...
2022.06.04 22:28:04 INFO  ce[][o.sonar.db.Database] Create JDBC data source for jdbc:h2:tcp://127.0.0.1:9092/sonar;NON_KEYWORDS=VALUE
2022.06.04 22:28:04 WARN  ce[][o.s.db.dialect.H2] H2 database should be used for evaluation purpose only.
2022.06.04 22:28:06 INFO  ce[][o.s.s.p.ServerFileSystemImpl] SonarQube home: D:\repos\Software-Testing\sonarqube-9.4.0.54424
2022.06.04 22:28:06 INFO  ce[][o.s.c.c.CePluginRepository] Load plugins
2022.06.04 22:28:09 INFO  ce[][o.s.c.c.ComputeEngineContainerImpl] Running Community edition
2022.06.04 22:28:09 INFO  ce[][o.s.ce.app.CeServer] Compute Engine is started
2022.06.04 22:28:36 INFO  ce[][o.s.c.t.CeWorkerImpl] Execute task | project=Demo | type=REPORT | id=AYEu5zmwSy7CxIV5wgIV | submitter=admin
2022.06.04 22:28:36 INFO  ce[AYEu5zmwSy7CxIV5wgIV][o.s.c.t.s.ComputationStepExecutor] Extract report | status=SUCCESS | time=25ms
2022.06.04 22:28:36 INFO  ce[AYEu5zmwSy7CxIV5wgIV][o.s.c.t.s.ComputationStepExecutor] Persist scanner context | status=SUCCESS | time=11ms
2022.06.04 22:28:36 INFO  ce[AYEu5zmwSy7CxIV5wgIV][o.s.c.t.s.ComputationStepExecutor] Propagate analysis warnings from scanner report | status=SUCCESS | time=1ms
2022.06.04 22:28:36 INFO  ce[AYEu5zmwSy7CxIV5wgIV][o.s.c.t.s.ComputationStepExecutor] Generate analysis UUID | status=SUCCESS | time=0ms
2022.06.04 22:28:36 INFO  ce[AYEu5zmwSy7CxIV5wgIV][o.s.c.t.s.ComputationStepExecutor] Load analysis metadata | status=SUCCESS | time=81ms
2022.06.04 22:28:36 INFO  ce[AYEu5zmwSy7CxIV5wgIV][o.s.c.t.s.ComputationStepExecutor] Initialize | status=SUCCESS | time=0ms
2022.06.04 22:28:36 INFO  ce[AYEu5zmwSy7CxIV5wgIV][o.s.c.t.s.ComputationStepExecutor] Build tree of components | components=6 | status=SUCCESS | time=49ms
2022.06.04 22:28:36 INFO  ce[AYEu5zmwSy7CxIV5wgIV][o.s.c.t.s.ComputationStepExecutor] Validate project | status=SUCCESS | time=7ms
2022.06.04 22:28:36 INFO  ce[AYEu5zmwSy7CxIV5wgIV][o.s.s.e.EsClientProvider] Connected to local Elasticsearch: [http://127.0.0.1:9001]
2022.06.04 22:28:39 INFO  ce[AYEu5zmwSy7CxIV5wgIV][o.s.c.t.s.ComputationStepExecutor] Load quality profiles | status=SUCCESS | time=2629ms
2022.06.04 22:28:39 INFO  ce[AYEu5zmwSy7CxIV5wgIV][o.s.c.t.s.ComputationStepExecutor] Load Quality gate | status=SUCCESS | time=46ms
2022.06.04 22:28:39 INFO  ce[AYEu5zmwSy7CxIV5wgIV][o.s.c.t.s.ComputationStepExecutor] Load new code period | status=SUCCESS | time=13ms
2022.06.04 22:28:39 INFO  ce[AYEu5zmwSy7CxIV5wgIV][o.s.c.t.s.ComputationStepExecutor] Detect file moves | status=SUCCESS | time=0ms
2022.06.04 22:28:39 INFO  ce[AYEu5zmwSy7CxIV5wgIV][o.s.c.t.s.ComputationStepExecutor] Load duplications | duplications=0 | status=SUCCESS | time=1ms
2022.06.04 22:28:39 INFO  ce[AYEu5zmwSy7CxIV5wgIV][o.s.c.t.s.ComputationStepExecutor] Compute cross project duplications | status=SUCCESS | time=0ms
2022.06.04 22:28:39 INFO  ce[AYEu5zmwSy7CxIV5wgIV][o.s.c.t.s.ComputationStepExecutor] Compute size measures | status=SUCCESS | time=24ms
2022.06.04 22:28:39 INFO  ce[AYEu5zmwSy7CxIV5wgIV][o.s.c.t.s.ComputationStepExecutor] Compute new coverage | status=SUCCESS | time=7ms
2022.06.04 22:28:39 INFO  ce[AYEu5zmwSy7CxIV5wgIV][o.s.c.t.s.ComputationStepExecutor] Compute coverage measures | status=SUCCESS | time=10ms
2022.06.04 22:28:39 INFO  ce[AYEu5zmwSy7CxIV5wgIV][o.s.c.t.s.ComputationStepExecutor] Compute comment measures | status=SUCCESS | time=1ms
2022.06.04 22:28:39 INFO  ce[AYEu5zmwSy7CxIV5wgIV][o.s.c.t.s.ComputationStepExecutor] Compute duplication measures | status=SUCCESS | time=2ms
2022.06.04 22:28:39 INFO  ce[AYEu5zmwSy7CxIV5wgIV][o.s.c.t.s.ComputationStepExecutor] Compute size measures on new code | status=SUCCESS | time=1ms
2022.06.04 22:28:40 INFO  ce[AYEu5zmwSy7CxIV5wgIV][o.s.c.t.s.ComputationStepExecutor] Compute language distribution | status=SUCCESS | time=22ms
2022.06.04 22:28:40 INFO  ce[AYEu5zmwSy7CxIV5wgIV][o.s.c.t.s.ComputationStepExecutor] Compute test measures | status=SUCCESS | time=3ms
2022.06.04 22:28:40 INFO  ce[AYEu5zmwSy7CxIV5wgIV][o.s.c.t.s.ComputationStepExecutor] Compute complexity measures | status=SUCCESS | time=5ms
2022.06.04 22:28:40 INFO  ce[AYEu5zmwSy7CxIV5wgIV][o.s.c.t.s.ComputationStepExecutor] Load measure computers | status=SUCCESS | time=7ms
2022.06.04 22:28:40 INFO  ce[AYEu5zmwSy7CxIV5wgIV][o.s.c.t.s.ComputationStepExecutor] Compute Quality Profile status | status=SUCCESS | time=9ms
2022.06.04 22:28:40 INFO  ce[AYEu5zmwSy7CxIV5wgIV][o.s.c.t.s.ComputationStepExecutor] Execute component visitors | status=SUCCESS | time=607ms
2022.06.04 22:28:40 INFO  ce[AYEu5zmwSy7CxIV5wgIV][o.s.c.t.s.ComputationStepExecutor] Checks executed after computation of measures | status=SUCCESS | time=0ms
2022.06.04 22:28:40 INFO  ce[AYEu5zmwSy7CxIV5wgIV][o.s.c.t.s.ComputationStepExecutor] Compute Quality Gate measures | status=SUCCESS | time=15ms
2022.06.04 22:28:40 INFO  ce[AYEu5zmwSy7CxIV5wgIV][o.s.c.t.s.ComputationStepExecutor] Compute Quality profile measures | status=SUCCESS | time=12ms
2022.06.04 22:28:40 INFO  ce[AYEu5zmwSy7CxIV5wgIV][o.s.c.t.s.ComputationStepExecutor] Generate Quality profile events | status=SUCCESS | time=4ms
2022.06.04 22:28:40 INFO  ce[AYEu5zmwSy7CxIV5wgIV][o.s.c.t.s.ComputationStepExecutor] Generate Quality gate events | status=SUCCESS | time=3ms
2022.06.04 22:28:40 INFO  ce[AYEu5zmwSy7CxIV5wgIV][o.s.c.t.s.ComputationStepExecutor] Check upgrade possibility for not analyzed code files. | status=SUCCESS | time=3ms
2022.06.04 22:28:40 INFO  ce[AYEu5zmwSy7CxIV5wgIV][o.s.c.t.s.ComputationStepExecutor] Persist scanner analysis cache | status=SUCCESS | time=0ms
2022.06.04 22:28:40 INFO  ce[AYEu5zmwSy7CxIV5wgIV][o.s.c.t.s.ComputationStepExecutor] Persist components | status=SUCCESS | time=52ms
2022.06.04 22:28:40 INFO  ce[AYEu5zmwSy7CxIV5wgIV][o.s.c.t.s.ComputationStepExecutor] Persist analysis | status=SUCCESS | time=4ms
2022.06.04 22:28:40 INFO  ce[AYEu5zmwSy7CxIV5wgIV][o.s.c.t.s.ComputationStepExecutor] Persist analysis properties | status=SUCCESS | time=13ms
2022.06.04 22:28:41 INFO  ce[AYEu5zmwSy7CxIV5wgIV][o.s.c.t.s.ComputationStepExecutor] Persist measures | inserts=50 | status=SUCCESS | time=86ms
2022.06.04 22:28:41 INFO  ce[AYEu5zmwSy7CxIV5wgIV][o.s.c.t.s.ComputationStepExecutor] Persist live measures | insertsOrUpdates=213 | status=SUCCESS | time=183ms
2022.06.04 22:28:41 INFO  ce[AYEu5zmwSy7CxIV5wgIV][o.s.c.t.s.ComputationStepExecutor] Persist duplication data | insertsOrUpdates=0 | status=SUCCESS | time=1ms
2022.06.04 22:28:41 INFO  ce[AYEu5zmwSy7CxIV5wgIV][o.s.c.t.s.ComputationStepExecutor] Persist new ad hoc Rules | status=SUCCESS | time=1ms
2022.06.04 22:28:41 INFO  ce[AYEu5zmwSy7CxIV5wgIV][o.s.c.t.s.ComputationStepExecutor] Persist issues | cacheSize=856 bytes | inserts=2 | updates=0 | merged=0 | status=SUCCESS | time=23ms
2022.06.04 22:28:41 INFO  ce[AYEu5zmwSy7CxIV5wgIV][o.s.c.t.s.ComputationStepExecutor] Persist project links | status=SUCCESS | time=9ms
2022.06.04 22:28:41 INFO  ce[AYEu5zmwSy7CxIV5wgIV][o.s.c.t.s.ComputationStepExecutor] Persist events | status=SUCCESS | time=11ms
2022.06.04 22:28:41 INFO  ce[AYEu5zmwSy7CxIV5wgIV][o.s.c.t.s.ComputationStepExecutor] Persist sources | status=SUCCESS | time=242ms
2022.06.04 22:28:41 INFO  ce[AYEu5zmwSy7CxIV5wgIV][o.s.c.t.s.ComputationStepExecutor] Persist cross project duplications | status=SUCCESS | time=0ms
2022.06.04 22:28:41 INFO  ce[AYEu5zmwSy7CxIV5wgIV][o.s.c.t.s.ComputationStepExecutor] Enable analysis | status=SUCCESS | time=6ms
2022.06.04 22:28:41 INFO  ce[AYEu5zmwSy7CxIV5wgIV][o.s.c.t.s.ComputationStepExecutor] Update last usage date of quality profiles | status=SUCCESS | time=16ms
2022.06.04 22:28:41 INFO  ce[AYEu5zmwSy7CxIV5wgIV][o.s.c.t.s.ComputationStepExecutor] Purge db | status=SUCCESS | time=340ms
2022.06.04 22:28:42 INFO  ce[AYEu5zmwSy7CxIV5wgIV][o.s.c.t.s.ComputationStepExecutor] Index analysis | status=SUCCESS | time=1007ms
2022.06.04 22:28:42 INFO  ce[AYEu5zmwSy7CxIV5wgIV][o.s.c.t.s.ComputationStepExecutor] Update need issue sync for branch | status=SUCCESS | time=2ms
2022.06.04 22:28:42 INFO  ce[AYEu5zmwSy7CxIV5wgIV][o.s.c.t.s.ComputationStepExecutor] Send issue notifications | newIssuesNotifs=0 | newIssuesDeliveries=0 | myNewIssuesNotifs=0 | myNewIssuesDeliveries=0 | changesNotifs=0 | changesDeliveries=0 | status=SUCCESS | time=7ms
2022.06.04 22:28:42 INFO  ce[AYEu5zmwSy7CxIV5wgIV][o.s.c.t.s.ComputationStepExecutor] Publish task results | status=SUCCESS | time=0ms
2022.06.04 22:28:42 INFO  ce[AYEu5zmwSy7CxIV5wgIV][o.s.c.t.s.ComputationStepExecutor] Trigger refresh of Portfolios and Applications | status=SUCCESS | time=0ms
2022.06.04 22:28:42 INFO  ce[AYEu5zmwSy7CxIV5wgIV][o.s.c.t.p.a.p.PostProjectAnalysisTasksExecutor] Webhooks | globalWebhooks=0 | projectWebhooks=0 | status=SUCCESS | time=8ms
2022.06.04 22:28:42 INFO  ce[AYEu5zmwSy7CxIV5wgIV][o.s.c.t.CeWorkerImpl] Executed task | project=Demo | type=REPORT | id=AYEu5zmwSy7CxIV5wgIV | submitter=admin | status=SUCCESS | time=6847ms
2022.06.04 22:48:03 INFO  ce[][o.s.c.t.CeWorkerImpl] Execute task | project=Demo2 | type=REPORT | id=AYEu-Q8FSy7CxIV5wgIj | submitter=admin
2022.06.04 22:48:04 INFO  ce[AYEu-Q8FSy7CxIV5wgIj][o.s.c.t.s.ComputationStepExecutor] Extract report | status=SUCCESS | time=127ms
2022.06.04 22:48:04 INFO  ce[AYEu-Q8FSy7CxIV5wgIj][o.s.c.t.s.ComputationStepExecutor] Persist scanner context | status=SUCCESS | time=4ms
2022.06.04 22:48:04 INFO  ce[AYEu-Q8FSy7CxIV5wgIj][o.s.c.t.s.ComputationStepExecutor] Propagate analysis warnings from scanner report | status=SUCCESS | time=0ms
2022.06.04 22:48:04 INFO  ce[AYEu-Q8FSy7CxIV5wgIj][o.s.c.t.s.ComputationStepExecutor] Generate analysis UUID | status=SUCCESS | time=0ms
2022.06.04 22:48:04 INFO  ce[AYEu-Q8FSy7CxIV5wgIj][o.s.c.t.s.ComputationStepExecutor] Load analysis metadata | status=SUCCESS | time=5ms
2022.06.04 22:48:04 INFO  ce[AYEu-Q8FSy7CxIV5wgIj][o.s.c.t.s.ComputationStepExecutor] Initialize | status=SUCCESS | time=0ms
2022.06.04 22:48:04 INFO  ce[AYEu-Q8FSy7CxIV5wgIj][o.s.c.t.s.ComputationStepExecutor] Build tree of components | components=40 | status=SUCCESS | time=53ms
2022.06.04 22:48:04 INFO  ce[AYEu-Q8FSy7CxIV5wgIj][o.s.c.t.s.ComputationStepExecutor] Validate project | status=SUCCESS | time=2ms
2022.06.04 22:48:04 INFO  ce[AYEu-Q8FSy7CxIV5wgIj][o.s.c.t.s.ComputationStepExecutor] Load quality profiles | status=SUCCESS | time=875ms
2022.06.04 22:48:04 INFO  ce[AYEu-Q8FSy7CxIV5wgIj][o.s.c.t.s.ComputationStepExecutor] Load Quality gate | status=SUCCESS | time=4ms
2022.06.04 22:48:04 INFO  ce[AYEu-Q8FSy7CxIV5wgIj][o.s.c.t.s.ComputationStepExecutor] Load new code period | status=SUCCESS | time=2ms
2022.06.04 22:48:05 INFO  ce[AYEu-Q8FSy7CxIV5wgIj][o.s.c.t.s.ComputationStepExecutor] Detect file moves | status=SUCCESS | time=0ms
2022.06.04 22:48:05 INFO  ce[AYEu-Q8FSy7CxIV5wgIj][o.s.c.t.s.ComputationStepExecutor] Load duplications | duplications=4 | status=SUCCESS | time=31ms
2022.06.04 22:48:05 INFO  ce[AYEu-Q8FSy7CxIV5wgIj][o.s.c.t.s.ComputationStepExecutor] Compute cross project duplications | status=SUCCESS | time=0ms
2022.06.04 22:48:05 INFO  ce[AYEu-Q8FSy7CxIV5wgIj][o.s.c.t.s.ComputationStepExecutor] Compute size measures | status=SUCCESS | time=54ms
2022.06.04 22:48:05 INFO  ce[AYEu-Q8FSy7CxIV5wgIj][o.s.c.t.s.ComputationStepExecutor] Compute new coverage | status=SUCCESS | time=2ms
2022.06.04 22:48:05 INFO  ce[AYEu-Q8FSy7CxIV5wgIj][o.s.c.t.s.ComputationStepExecutor] Compute coverage measures | status=SUCCESS | time=13ms
2022.06.04 22:48:05 INFO  ce[AYEu-Q8FSy7CxIV5wgIj][o.s.c.t.s.ComputationStepExecutor] Compute comment measures | status=SUCCESS | time=3ms
2022.06.04 22:48:05 INFO  ce[AYEu-Q8FSy7CxIV5wgIj][o.s.c.t.s.ComputationStepExecutor] Compute duplication measures | status=SUCCESS | time=2ms
2022.06.04 22:48:05 INFO  ce[AYEu-Q8FSy7CxIV5wgIj][o.s.c.t.s.ComputationStepExecutor] Compute size measures on new code | status=SUCCESS | time=1ms
2022.06.04 22:48:05 INFO  ce[AYEu-Q8FSy7CxIV5wgIj][o.s.c.t.s.ComputationStepExecutor] Compute language distribution | status=SUCCESS | time=2ms
2022.06.04 22:48:05 INFO  ce[AYEu-Q8FSy7CxIV5wgIj][o.s.c.t.s.ComputationStepExecutor] Compute test measures | status=SUCCESS | time=1ms
2022.06.04 22:48:05 INFO  ce[AYEu-Q8FSy7CxIV5wgIj][o.s.c.t.s.ComputationStepExecutor] Compute complexity measures | status=SUCCESS | time=1ms
2022.06.04 22:48:05 INFO  ce[AYEu-Q8FSy7CxIV5wgIj][o.s.c.t.s.ComputationStepExecutor] Load measure computers | status=SUCCESS | time=0ms
2022.06.04 22:48:05 INFO  ce[AYEu-Q8FSy7CxIV5wgIj][o.s.c.t.s.ComputationStepExecutor] Compute Quality Profile status | status=SUCCESS | time=2ms
2022.06.04 22:48:05 INFO  ce[AYEu-Q8FSy7CxIV5wgIj][o.s.c.t.s.ComputationStepExecutor] Execute component visitors | status=SUCCESS | time=761ms
2022.06.04 22:48:05 INFO  ce[AYEu-Q8FSy7CxIV5wgIj][o.s.c.t.s.ComputationStepExecutor] Checks executed after computation of measures | status=SUCCESS | time=0ms
2022.06.04 22:48:05 INFO  ce[AYEu-Q8FSy7CxIV5wgIj][o.s.c.t.s.ComputationStepExecutor] Compute Quality Gate measures | status=SUCCESS | time=1ms
2022.06.04 22:48:05 INFO  ce[AYEu-Q8FSy7CxIV5wgIj][o.s.c.t.s.ComputationStepExecutor] Compute Quality profile measures | status=SUCCESS | time=1ms
2022.06.04 22:48:05 INFO  ce[AYEu-Q8FSy7CxIV5wgIj][o.s.c.t.s.ComputationStepExecutor] Generate Quality profile events | status=SUCCESS | time=2ms
2022.06.04 22:48:05 INFO  ce[AYEu-Q8FSy7CxIV5wgIj][o.s.c.t.s.ComputationStepExecutor] Generate Quality gate events | status=SUCCESS | time=1ms
2022.06.04 22:48:05 INFO  ce[AYEu-Q8FSy7CxIV5wgIj][o.s.c.t.s.ComputationStepExecutor] Check upgrade possibility for not analyzed code files. | status=SUCCESS | time=0ms
2022.06.04 22:48:05 INFO  ce[AYEu-Q8FSy7CxIV5wgIj][o.s.c.t.s.ComputationStepExecutor] Persist scanner analysis cache | status=SUCCESS | time=0ms
2022.06.04 22:48:06 INFO  ce[AYEu-Q8FSy7CxIV5wgIj][o.s.c.t.s.ComputationStepExecutor] Persist components | status=SUCCESS | time=37ms
2022.06.04 22:48:06 INFO  ce[AYEu-Q8FSy7CxIV5wgIj][o.s.c.t.s.ComputationStepExecutor] Persist analysis | status=SUCCESS | time=3ms
2022.06.04 22:48:06 INFO  ce[AYEu-Q8FSy7CxIV5wgIj][o.s.c.t.s.ComputationStepExecutor] Persist analysis properties | status=SUCCESS | time=12ms
2022.06.04 22:48:06 INFO  ce[AYEu-Q8FSy7CxIV5wgIj][o.s.c.t.s.ComputationStepExecutor] Persist measures | inserts=51 | status=SUCCESS | time=25ms
2022.06.04 22:48:06 INFO  ce[AYEu-Q8FSy7CxIV5wgIj][o.s.c.t.s.ComputationStepExecutor] Persist live measures | insertsOrUpdates=1208 | status=SUCCESS | time=415ms
2022.06.04 22:48:06 INFO  ce[AYEu-Q8FSy7CxIV5wgIj][o.s.c.t.s.ComputationStepExecutor] Persist duplication data | insertsOrUpdates=0 | status=SUCCESS | time=18ms
2022.06.04 22:48:06 INFO  ce[AYEu-Q8FSy7CxIV5wgIj][o.s.c.t.s.ComputationStepExecutor] Persist new ad hoc Rules | status=SUCCESS | time=0ms
2022.06.04 22:48:06 INFO  ce[AYEu-Q8FSy7CxIV5wgIj][o.s.c.t.s.ComputationStepExecutor] Persist issues | cacheSize=77.2 kB | inserts=161 | updates=0 | merged=0 | status=SUCCESS | time=131ms
2022.06.04 22:48:06 INFO  ce[AYEu-Q8FSy7CxIV5wgIj][o.s.c.t.s.ComputationStepExecutor] Persist project links | status=SUCCESS | time=3ms
2022.06.04 22:48:06 INFO  ce[AYEu-Q8FSy7CxIV5wgIj][o.s.c.t.s.ComputationStepExecutor] Persist events | status=SUCCESS | time=2ms
2022.06.04 22:48:07 INFO  ce[AYEu-Q8FSy7CxIV5wgIj][o.s.c.t.s.ComputationStepExecutor] Persist sources | status=SUCCESS | time=799ms
2022.06.04 22:48:07 INFO  ce[AYEu-Q8FSy7CxIV5wgIj][o.s.c.t.s.ComputationStepExecutor] Persist cross project duplications | status=SUCCESS | time=0ms
2022.06.04 22:48:07 INFO  ce[AYEu-Q8FSy7CxIV5wgIj][o.s.c.t.s.ComputationStepExecutor] Enable analysis | status=SUCCESS | time=2ms
2022.06.04 22:48:07 INFO  ce[AYEu-Q8FSy7CxIV5wgIj][o.s.c.t.s.ComputationStepExecutor] Update last usage date of quality profiles | status=SUCCESS | time=5ms
2022.06.04 22:48:07 INFO  ce[AYEu-Q8FSy7CxIV5wgIj][o.s.c.t.s.ComputationStepExecutor] Purge db | status=SUCCESS | time=27ms
2022.06.04 22:48:08 INFO  ce[AYEu-Q8FSy7CxIV5wgIj][o.s.c.t.s.ComputationStepExecutor] Index analysis | status=SUCCESS | time=1326ms
2022.06.04 22:48:08 INFO  ce[AYEu-Q8FSy7CxIV5wgIj][o.s.c.t.s.ComputationStepExecutor] Update need issue sync for branch | status=SUCCESS | time=2ms
2022.06.04 22:48:08 INFO  ce[AYEu-Q8FSy7CxIV5wgIj][o.s.c.t.s.ComputationStepExecutor] Send issue notifications | newIssuesNotifs=0 | newIssuesDeliveries=0 | myNewIssuesNotifs=0 | myNewIssuesDeliveries=0 | changesNotifs=0 | changesDeliveries=0 | status=SUCCESS | time=3ms
2022.06.04 22:48:08 INFO  ce[AYEu-Q8FSy7CxIV5wgIj][o.s.c.t.s.ComputationStepExecutor] Publish task results | status=SUCCESS | time=0ms
2022.06.04 22:48:08 INFO  ce[AYEu-Q8FSy7CxIV5wgIj][o.s.c.t.s.ComputationStepExecutor] Trigger refresh of Portfolios and Applications | status=SUCCESS | time=0ms
2022.06.04 22:48:08 INFO  ce[AYEu-Q8FSy7CxIV5wgIj][o.s.c.t.p.a.p.PostProjectAnalysisTasksExecutor] Webhooks | globalWebhooks=0 | projectWebhooks=0 | status=SUCCESS | time=3ms
2022.06.04 22:48:09 INFO  ce[AYEu-Q8FSy7CxIV5wgIj][o.s.c.t.CeWorkerImpl] Executed task | project=Demo2 | type=REPORT | id=AYEu-Q8FSy7CxIV5wgIj | submitter=admin | status=SUCCESS | time=5138ms
