--> Wrapper Started as Console
Launching a JVM...
Wrapper (Version 3.2.3) http://wrapper.tanukisoftware.org
  Copyright 1999-2006 Tanuki Software, Inc.  All Rights Reserved.

2022.06.04 22:13:43 INFO  app[][o.s.a.AppFileSystem] Cleaning or creating temp directory D:\repos\Software-Testing\sonarqube-9.4.0.54424\temp
2022.06.04 22:13:43 INFO  app[][o.s.a.es.EsSettings] Elasticsearch listening on [HTTP: 127.0.0.1:9001, TCP: 127.0.0.1:51271]
2022.06.04 22:13:43 INFO  app[][o.s.a.ProcessLauncherImpl] Launch process[ELASTICSEARCH] from [D:\repos\Software-Testing\sonarqube-9.4.0.54424\elasticsearch]: C:\Program Files\Java\jdk-17.0.2\bin\java -XX:+UseG1GC -Djava.io.tmpdir=D:\repos\Software-Testing\sonarqube-9.4.0.54424\temp -XX:ErrorFile=../logs/es_hs_err_pid%p.log -Des.networkaddress.cache.ttl=60 -Des.networkaddress.cache.negative.ttl=10 -XX:+AlwaysPreTouch -Xss1m -Djava.awt.headless=true -Dfile.encoding=UTF-8 -Djna.nosys=true -Djna.tmpdir=D:\repos\Software-Testing\sonarqube-9.4.0.54424\temp -XX:-OmitStackTraceInFastThrow -Dio.netty.noUnsafe=true -Dio.netty.noKeySetOptimization=true -Dio.netty.recycler.maxCapacityPerThread=0 -Dio.netty.allocator.numDirectArenas=0 -Dlog4j.shutdownHookEnabled=false -Dlog4j2.disable.jmx=true -Dlog4j2.formatMsgNoLookups=true -Djava.locale.providers=COMPAT -Dcom.redhat.fips=false -Xmx512m -Xms512m -XX:MaxDirectMemorySize=256m -XX:+HeapDumpOnOutOfMemoryError -Delasticsearch -Des.path.home=D:\repos\Software-Testing\sonarqube-9.4.0.54424\elasticsearch -Des.path.conf=D:\repos\Software-Testing\sonarqube-9.4.0.54424\temp\conf\es -cp lib/* org.elasticsearch.bootstrap.Elasticsearch
2022.06.04 22:13:43 INFO  app[][o.s.a.SchedulerImpl] Waiting for Elasticsearch to be up and running
2022.06.04 22:13:58 INFO  app[][o.s.a.SchedulerImpl] Process[es] is up
2022.06.04 22:13:58 INFO  app[][o.s.a.ProcessLauncherImpl] Launch process[WEB_SERVER] from [D:\repos\Software-Testing\sonarqube-9.4.0.54424]: C:\Program Files\Java\jdk-17.0.2\bin\java -Djava.awt.headless=true -Dfile.encoding=UTF-8 -Djava.io.tmpdir=D:\repos\Software-Testing\sonarqube-9.4.0.54424\temp -XX:-OmitStackTraceInFastThrow --add-opens=java.base/java.util=ALL-UNNAMED --add-opens=java.base/java.lang=ALL-UNNAMED --add-opens=java.base/java.io=ALL-UNNAMED --add-opens=java.rmi/sun.rmi.transport=ALL-UNNAMED --add-exports=java.base/jdk.internal.ref=ALL-UNNAMED --add-opens=java.base/java.nio=ALL-UNNAMED --add-opens=java.base/sun.nio.ch=ALL-UNNAMED --add-opens=java.management/sun.management=ALL-UNNAMED --add-opens=jdk.management/com.sun.management.internal=ALL-UNNAMED -Dcom.redhat.fips=false -Xmx512m -Xms128m -XX:+HeapDumpOnOutOfMemoryError -Dhttp.nonProxyHosts=localhost|127.*|[::1] -cp ./lib/sonar-application-9.4.0.54424.jar;D:\repos\Software-Testing\sonarqube-9.4.0.54424\lib\jdbc\h2\h2-2.1.210.jar org.sonar.server.app.WebServer D:\repos\Software-Testing\sonarqube-9.4.0.54424\temp\sq-process5353974637942810174properties
WARNING: A terminally deprecated method in java.lang.System has been called
WARNING: System::setSecurityManager has been called by org.sonar.process.PluginSecurityManager (file:/D:/repos/Software-Testing/sonarqube-9.4.0.54424/lib/sonar-application-9.4.0.54424.jar)
WARNING: Please consider reporting this to the maintainers of org.sonar.process.PluginSecurityManager
WARNING: System::setSecurityManager will be removed in a future release
2022.06.04 22:14:14 INFO  app[][o.s.a.SchedulerImpl] Process[web] is up
2022.06.04 22:14:14 INFO  app[][o.s.a.ProcessLauncherImpl] Launch process[COMPUTE_ENGINE] from [D:\repos\Software-Testing\sonarqube-9.4.0.54424]: C:\Program Files\Java\jdk-17.0.2\bin\java -Djava.awt.headless=true -Dfile.encoding=UTF-8 -Djava.io.tmpdir=D:\repos\Software-Testing\sonarqube-9.4.0.54424\temp -XX:-OmitStackTraceInFastThrow --add-opens=java.base/java.util=ALL-UNNAMED --add-exports=java.base/jdk.internal.ref=ALL-UNNAMED --add-opens=java.base/java.lang=ALL-UNNAMED --add-opens=java.base/java.nio=ALL-UNNAMED --add-opens=java.base/sun.nio.ch=ALL-UNNAMED --add-opens=java.management/sun.management=ALL-UNNAMED --add-opens=jdk.management/com.sun.management.internal=ALL-UNNAMED -Dcom.redhat.fips=false -Xmx512m -Xms128m -XX:+HeapDumpOnOutOfMemoryError -Dhttp.nonProxyHosts=localhost|127.*|[::1] -cp ./lib/sonar-application-9.4.0.54424.jar;D:\repos\Software-Testing\sonarqube-9.4.0.54424\lib\jdbc\h2\h2-2.1.210.jar org.sonar.ce.app.CeServer D:\repos\Software-Testing\sonarqube-9.4.0.54424\temp\sq-process1079431425611021155properties
WARNING: A terminally deprecated method in java.lang.System has been called
WARNING: System::setSecurityManager has been called by org.sonar.process.PluginSecurityManager (file:/D:/repos/Software-Testing/sonarqube-9.4.0.54424/lib/sonar-application-9.4.0.54424.jar)
WARNING: Please consider reporting this to the maintainers of org.sonar.process.PluginSecurityManager
WARNING: System::setSecurityManager will be removed in a future release
2022.06.04 22:14:21 INFO  app[][o.s.a.SchedulerImpl] Process[ce] is up
2022.06.04 22:14:21 INFO  app[][o.s.a.SchedulerImpl] SonarQube is operational
CTRL-C trapped.  Shutting down.
2022.06.04 22:24:28 WARN  app[][o.s.a.p.AbstractManagedProcess] Process exited with exit value [Compute Engine]: 130
2022.06.04 22:24:28 INFO  app[][o.s.a.SchedulerImpl] Process[Compute Engine] is stopped
2022.06.04 22:24:28 WARN  app[][o.s.a.p.AbstractManagedProcess] Process exited with exit value [ElasticSearch]: 130
2022.06.04 22:24:28 INFO  app[][o.s.a.SchedulerImpl] Process[ElasticSearch] is stopped
2022.06.04 22:24:28 WARN  app[][o.s.a.p.AbstractManagedProcess] Process exited with exit value [Web Server]: 130
2022.06.04 22:24:28 INFO  app[][o.s.a.SchedulerImpl] Process[Web Server] is stopped
2022.06.04 22:24:28 INFO  app[][o.s.a.SchedulerImpl] SonarQube is stopped
<-- Wrapper Stopped
--> Wrapper Started as Console
Launching a JVM...
Wrapper (Version 3.2.3) http://wrapper.tanukisoftware.org
  Copyright 1999-2006 Tanuki Software, Inc.  All Rights Reserved.

2022.06.04 22:27:31 INFO  app[][o.s.a.AppFileSystem] Cleaning or creating temp directory D:\repos\Software-Testing\sonarqube-9.4.0.54424\temp
2022.06.04 22:27:31 INFO  app[][o.s.a.es.EsSettings] Elasticsearch listening on [HTTP: 127.0.0.1:9001, TCP: 127.0.0.1:62322]
2022.06.04 22:27:31 INFO  app[][o.s.a.ProcessLauncherImpl] Launch process[ELASTICSEARCH] from [D:\repos\Software-Testing\sonarqube-9.4.0.54424\elasticsearch]: C:\Program Files\Java\jdk-15.0.2\bin\java -XX:+UseG1GC -Djava.io.tmpdir=D:\repos\Software-Testing\sonarqube-9.4.0.54424\temp -XX:ErrorFile=../logs/es_hs_err_pid%p.log -Des.networkaddress.cache.ttl=60 -Des.networkaddress.cache.negative.ttl=10 -XX:+AlwaysPreTouch -Xss1m -Djava.awt.headless=true -Dfile.encoding=UTF-8 -Djna.nosys=true -Djna.tmpdir=D:\repos\Software-Testing\sonarqube-9.4.0.54424\temp -XX:-OmitStackTraceInFastThrow -Dio.netty.noUnsafe=true -Dio.netty.noKeySetOptimization=true -Dio.netty.recycler.maxCapacityPerThread=0 -Dio.netty.allocator.numDirectArenas=0 -Dlog4j.shutdownHookEnabled=false -Dlog4j2.disable.jmx=true -Dlog4j2.formatMsgNoLookups=true -Djava.locale.providers=COMPAT -Dcom.redhat.fips=false -Xmx512m -Xms512m -XX:MaxDirectMemorySize=256m -XX:+HeapDumpOnOutOfMemoryError -Delasticsearch -Des.path.home=D:\repos\Software-Testing\sonarqube-9.4.0.54424\elasticsearch -Des.path.conf=D:\repos\Software-Testing\sonarqube-9.4.0.54424\temp\conf\es -cp lib/* org.elasticsearch.bootstrap.Elasticsearch
2022.06.04 22:27:31 INFO  app[][o.s.a.SchedulerImpl] Waiting for Elasticsearch to be up and running
2022.06.04 22:27:47 INFO  app[][o.s.a.SchedulerImpl] Process[es] is up
2022.06.04 22:27:47 INFO  app[][o.s.a.ProcessLauncherImpl] Launch process[WEB_SERVER] from [D:\repos\Software-Testing\sonarqube-9.4.0.54424]: C:\Program Files\Java\jdk-15.0.2\bin\java -Djava.awt.headless=true -Dfile.encoding=UTF-8 -Djava.io.tmpdir=D:\repos\Software-Testing\sonarqube-9.4.0.54424\temp -XX:-OmitStackTraceInFastThrow --add-opens=java.base/java.util=ALL-UNNAMED --add-opens=java.base/java.lang=ALL-UNNAMED --add-opens=java.base/java.io=ALL-UNNAMED --add-opens=java.rmi/sun.rmi.transport=ALL-UNNAMED --add-exports=java.base/jdk.internal.ref=ALL-UNNAMED --add-opens=java.base/java.nio=ALL-UNNAMED --add-opens=java.base/sun.nio.ch=ALL-UNNAMED --add-opens=java.management/sun.management=ALL-UNNAMED --add-opens=jdk.management/com.sun.management.internal=ALL-UNNAMED -Dcom.redhat.fips=false -Xmx512m -Xms128m -XX:+HeapDumpOnOutOfMemoryError -Dhttp.nonProxyHosts=localhost|127.*|[::1] -cp ./lib/sonar-application-9.4.0.54424.jar;D:\repos\Software-Testing\sonarqube-9.4.0.54424\lib\jdbc\h2\h2-2.1.210.jar org.sonar.server.app.WebServer D:\repos\Software-Testing\sonarqube-9.4.0.54424\temp\sq-process1116723340320448644properties
2022.06.04 22:28:02 INFO  app[][o.s.a.SchedulerImpl] Process[web] is up
2022.06.04 22:28:02 INFO  app[][o.s.a.ProcessLauncherImpl] Launch process[COMPUTE_ENGINE] from [D:\repos\Software-Testing\sonarqube-9.4.0.54424]: C:\Program Files\Java\jdk-15.0.2\bin\java -Djava.awt.headless=true -Dfile.encoding=UTF-8 -Djava.io.tmpdir=D:\repos\Software-Testing\sonarqube-9.4.0.54424\temp -XX:-OmitStackTraceInFastThrow --add-opens=java.base/java.util=ALL-UNNAMED --add-exports=java.base/jdk.internal.ref=ALL-UNNAMED --add-opens=java.base/java.lang=ALL-UNNAMED --add-opens=java.base/java.nio=ALL-UNNAMED --add-opens=java.base/sun.nio.ch=ALL-UNNAMED --add-opens=java.management/sun.management=ALL-UNNAMED --add-opens=jdk.management/com.sun.management.internal=ALL-UNNAMED -Dcom.redhat.fips=false -Xmx512m -Xms128m -XX:+HeapDumpOnOutOfMemoryError -Dhttp.nonProxyHosts=localhost|127.*|[::1] -cp ./lib/sonar-application-9.4.0.54424.jar;D:\repos\Software-Testing\sonarqube-9.4.0.54424\lib\jdbc\h2\h2-2.1.210.jar org.sonar.ce.app.CeServer D:\repos\Software-Testing\sonarqube-9.4.0.54424\temp\sq-process1075838471712666303properties
2022.06.04 22:28:10 INFO  app[][o.s.a.SchedulerImpl] Process[ce] is up
2022.06.04 22:28:10 INFO  app[][o.s.a.SchedulerImpl] SonarQube is operational
